Arguments: 
  /usr/local/bin/node /usr/local/Cellar/yarn/1.22.0/libexec/bin/yarn.js install

PATH: 
  /Users/brunods/.local/share/virtualenvs/data_science_with_python-Pjrg0NgN/bin:/Library/Frameworks/Python.framework/Versions/3.8/bin:“/Applications/Julia-1.4.app/Contents/Resources/julia/bin:/Library/Frameworks/Python.framework/Versions/3.8/bin:/Users/brunods/opt/anaconda3/bin:/anaconda3/bin:/Library/Frameworks/Python.framework/Versions/3.7/bin:/Library/Frameworks/Python.framework/Versions/3.6/bin:/anaconda3/bin:/Users/brunods/anaconda3/bin:/usr/local/bin:/usr/bin:/bin:/usr/sbin:/sbin:/Library/TeX/texbin:/usr/local/share/dotnet:/opt/X11/bin:/Library/Frameworks/Mono.framework/Versions/Current/Commands”

Yarn version: 
  1.22.0

Node version: 
  12.14.1

Platform: 
  darwin x64

Trace: 
  Error: https://registry.npmjs.com/3d-view: Not found
      at Request.params.callback [as _callback] (/usr/local/Cellar/yarn/1.22.0/libexec/lib/cli.js:66975:18)
      at Request.self.callback (/usr/local/Cellar/yarn/1.22.0/libexec/lib/cli.js:140727:22)
      at Request.emit (events.js:223:5)
      at Request.<anonymous> (/usr/local/Cellar/yarn/1.22.0/libexec/lib/cli.js:141699:10)
      at Request.emit (events.js:223:5)
      at IncomingMessage.<anonymous> (/usr/local/Cellar/yarn/1.22.0/libexec/lib/cli.js:141621:12)
      at Object.onceWrapper (events.js:312:28)
      at IncomingMessage.emit (events.js:228:7)
      at endReadableNT (_stream_readable.js:1185:12)
      at processTicksAndRejections (internal/process/task_queues.js:81:21)

npm manifest: 
  {
    "name": "data_science_with_python",
    "version": "1.0.0",
    "description": "## About",
    "main": "index.js",
    "dependencies": {
      "3d-view": "^2.0.0",
      "jupyterlab-plotly": "^1.5.0"
    },
    "devDependencies": {},
    "scripts": {
      "test": "echo \"Error: no test specified\" && exit 1"
    },
    "repository": {
      "type": "git",
      "url": "git+https://github.com/Brunods1001/DataScienceMeetup.git"
    },
    "author": "",
    "license": "ISC",
    "bugs": {
      "url": "https://github.com/Brunods1001/DataScienceMeetup/issues"
    },
    "homepage": "https://github.com/Brunods1001/DataScienceMeetup#readme"
  }

yarn manifest: 
  No manifest

Lockfile: 
  No lockfile
